mode: set
github.com/ccoutarel/bookings/internal/render/render.go:21.40,23.2 1 1
github.com/ccoutarel/bookings/internal/render/render.go:25.84,31.2 5 1
github.com/ccoutarel/bookings/internal/render/render.go:34.105,38.18 2 1
github.com/ccoutarel/bookings/internal/render/render.go:45.2,47.9 2 1
github.com/ccoutarel/bookings/internal/render/render.go:53.2,58.16 4 1
github.com/ccoutarel/bookings/internal/render/render.go:64.2,65.16 2 1
github.com/ccoutarel/bookings/internal/render/render.go:70.2,70.12 1 1
github.com/ccoutarel/bookings/internal/render/render.go:38.18,40.3 1 0
github.com/ccoutarel/bookings/internal/render/render.go:40.8,42.3 1 1
github.com/ccoutarel/bookings/internal/render/render.go:47.9,51.3 3 0
github.com/ccoutarel/bookings/internal/render/render.go:58.16,61.3 2 0
github.com/ccoutarel/bookings/internal/render/render.go:65.16,68.3 2 0
github.com/ccoutarel/bookings/internal/render/render.go:73.67,78.16 3 1
github.com/ccoutarel/bookings/internal/render/render.go:83.2,83.29 1 1
github.com/ccoutarel/bookings/internal/render/render.go:105.2,105.21 1 1
github.com/ccoutarel/bookings/internal/render/render.go:78.16,80.3 1 0
github.com/ccoutarel/bookings/internal/render/render.go:83.29,86.17 3 1
github.com/ccoutarel/bookings/internal/render/render.go:90.3,91.17 2 1
github.com/ccoutarel/bookings/internal/render/render.go:95.3,95.23 1 1
github.com/ccoutarel/bookings/internal/render/render.go:102.3,102.21 1 1
github.com/ccoutarel/bookings/internal/render/render.go:86.17,88.4 1 0
github.com/ccoutarel/bookings/internal/render/render.go:91.17,93.4 1 0
github.com/ccoutarel/bookings/internal/render/render.go:95.23,97.18 2 1
github.com/ccoutarel/bookings/internal/render/render.go:97.18,99.5 1 0
